<?xml version="1.0" encoding="UTF-8"?>
<!-- Generated by org.testng.reporters.JUnitReportReporter -->
<testsuite hostname="Nice" failures="0" tests="1" name="testcases.TestPages" time="69.249" errors="0" timestamp="2023-03-31T21:41:52 BDT" skipped="0">
  <testcase classname="testcases.TestPages" name="TestallPages" time="69.249"/>
  <system-out/>
</testsuite> <!-- testcases.TestPages -->
